[0224/011635.496:ERROR:process_info.cc(359)] UncheckedAllocate
[0224/011635.498:ERROR:process_info.cc(359)] UncheckedAllocate
[0224/011635.565:ERROR:process_info.cc(359)] UncheckedAllocate
[0224/011635.673:ERROR:process_info.cc(359)] UncheckedAllocate
[0224/011635.692:ERROR:process_info.cc(359)] UncheckedAllocate
[0224/011912.624:ERROR:process_info.cc(359)] UncheckedAllocate
[0224/011912.670:ERROR:process_info.cc(359)] UncheckedAllocate
[0224/012459.810:ERROR:process_info.cc(359)] UncheckedAllocate
[0224/012459.854:ERROR:process_info.cc(359)] UncheckedAllocate
[0224/012543.652:ERROR:process_info.cc(359)] UncheckedAllocate
[0224/012543.744:ERROR:process_reader_win.cc(151)] SuspendThread: 액세스가 거부되었습니다. (0x5)
[0224/012543.746:ERROR:process_reader_win.cc(151)] SuspendThread: 액세스가 거부되었습니다. (0x5)
[0224/012543.749:ERROR:process_reader_win.cc(151)] SuspendThread: 액세스가 거부되었습니다. (0x5)
[0224/012543.749:ERROR:process_reader_win.cc(151)] SuspendThread: 액세스가 거부되었습니다. (0x5)
[0224/012543.750:ERROR:process_reader_win.cc(151)] SuspendThread: 액세스가 거부되었습니다. (0x5)
[0224/012543.750:ERROR:process_reader_win.cc(151)] SuspendThread: 액세스가 거부되었습니다. (0x5)
[0224/012543.750:ERROR:process_reader_win.cc(151)] SuspendThread: 액세스가 거부되었습니다. (0x5)
[0224/012543.750:ERROR:process_reader_win.cc(151)] SuspendThread: 액세스가 거부되었습니다. (0x5)
[0224/012543.750:ERROR:process_reader_win.cc(151)] SuspendThread: 액세스가 거부되었습니다. (0x5)
[0224/012543.751:ERROR:process_reader_win.cc(151)] SuspendThread: 액세스가 거부되었습니다. (0x5)
[0224/012543.751:ERROR:process_reader_win.cc(151)] SuspendThread: 액세스가 거부되었습니다. (0x5)
[0224/012543.751:ERROR:process_reader_win.cc(151)] SuspendThread: 액세스가 거부되었습니다. (0x5)
[0224/012543.751:ERROR:process_reader_win.cc(151)] SuspendThread: 액세스가 거부되었습니다. (0x5)
[0224/012543.751:ERROR:process_reader_win.cc(151)] SuspendThread: 액세스가 거부되었습니다. (0x5)
[0224/012543.751:ERROR:exception_snapshot_win.cc(88)] thread ID 12364 not found in process
[0224/012714.227:ERROR:process_info.cc(359)] UncheckedAllocate
[0224/012728.637:ERROR:file_io.cc(134)] WriteFile: 디스크 공간이 부족합니다. (0x70)
[0224/012728.639:ERROR:crash_report_exception_handler.cc(111)] WriteEverything failed
[0224/012728.669:ERROR:filesystem_win.cc(148)] DeleteFile C:\Users\Eugene\AppData\Local\Temp\scoped_dir10640_10412\Crashpad\reports\a7581943-54d2-4e95-b032-ee699da8bfd6.dmp: 다른 프로세스가 파일을 사용 중이기 때문에 프로세스가 액세스 할 수 없습니다. (0x20)
