LR: 0.001, DF: 0, TU: [1, 2], DRT: 0.2
update_title_pos
findfont: Matching :family=sans-serif:style=normal:variant=normal:weight=normal:stretch=normal:size=10.0 to DejaVu Sans ('/Users/unanimous0/anaconda3/envs/VlackRock3.6_Env/lib/python3.6/site-packages/matplotlib/mpl-data/fonts/ttf/DejaVuSans.ttf') with score of 0.050000.
update_title_pos
update_title_pos
update_title_pos
update_title_pos
update_title_pos
update_title_pos
update_title_pos
update_title_pos
update_title_pos
findfont: Matching :family=sans-serif:style=normal:variant=normal:weight=normal:stretch=normal:size=12.0 to DejaVu Sans ('/Users/unanimous0/anaconda3/envs/VlackRock3.6_Env/lib/python3.6/site-packages/matplotlib/mpl-data/fonts/ttf/DejaVuSans.ttf') with score of 0.050000.
[Epoch 0001/1000]	Epsilon:0.5000	#Expl.:185/365	#Buy:117	#Sell:114	#Hold:134	#Stocks:3	PV:₩10,560,000	POS:3	NEG:3	Loss:  0.191840
update_title_pos
update_title_pos
update_title_pos
update_title_pos
update_title_pos
update_title_pos
update_title_pos
update_title_pos
update_title_pos
update_title_pos
[Epoch 0002/1000]	Epsilon:0.4995	#Expl.:168/365	#Buy:141	#Sell:141	#Hold:83	#Stocks:0	PV:₩11,012,000	POS:5	NEG:1	Loss:  0.183349
update_title_pos
update_title_pos
update_title_pos
update_title_pos
update_title_pos
update_title_pos
update_title_pos
update_title_pos
update_title_pos
update_title_pos
[Epoch 0003/1000]	Epsilon:0.4990	#Expl.:174/365	#Buy:135	#Sell:132	#Hold:98	#Stocks:3	PV:₩11,444,000	POS:3	NEG:3	Loss:  0.186835
update_title_pos
update_title_pos
update_title_pos
update_title_pos
update_title_pos
update_title_pos
update_title_pos
update_title_pos
update_title_pos
update_title_pos
[Epoch 0004/1000]	Epsilon:0.4985	#Expl.:166/365	#Buy:139	#Sell:139	#Hold:87	#Stocks:0	PV:₩11,844,000	POS:5	NEG:1	Loss:  0.186318
update_title_pos
update_title_pos
update_title_pos
update_title_pos
update_title_pos
update_title_pos
update_title_pos
update_title_pos
update_title_pos
update_title_pos
[Epoch 0005/1000]	Epsilon:0.4980	#Expl.:174/365	#Buy:146	#Sell:142	#Hold:77	#Stocks:4	PV:₩12,751,000	POS:5	NEG:1	Loss:  0.181976
update_title_pos
update_title_pos
update_title_pos
update_title_pos
update_title_pos
update_title_pos
update_title_pos
update_title_pos
update_title_pos
update_title_pos
[Epoch 0006/1000]	Epsilon:0.4975	#Expl.:180/365	#Buy:150	#Sell:149	#Hold:66	#Stocks:1	PV:₩13,546,000	POS:5	NEG:1	Loss:  0.187827
update_title_pos
update_title_pos
update_title_pos
update_title_pos
update_title_pos
update_title_pos
update_title_pos
update_title_pos
update_title_pos
update_title_pos
[Epoch 0007/1000]	Epsilon:0.4970	#Expl.:191/365	#Buy:136	#Sell:136	#Hold:93	#Stocks:0	PV:₩11,412,000	POS:4	NEG:2	Loss:  0.173792
update_title_pos
update_title_pos
update_title_pos
update_title_pos
update_title_pos
update_title_pos
update_title_pos
update_title_pos
update_title_pos
update_title_pos
[Epoch 0008/1000]	Epsilon:0.4965	#Expl.:176/365	#Buy:140	#Sell:139	#Hold:86	#Stocks:1	PV:₩12,189,000	POS:5	NEG:1	Loss:  0.174967
update_title_pos
update_title_pos
update_title_pos
update_title_pos
update_title_pos
update_title_pos
update_title_pos
update_title_pos
update_title_pos
update_title_pos
[Epoch 0009/1000]	Epsilon:0.4960	#Expl.:180/365	#Buy:146	#Sell:144	#Hold:75	#Stocks:2	PV:₩11,939,000	POS:5	NEG:1	Loss:  0.187094
update_title_pos
update_title_pos
update_title_pos
update_title_pos
update_title_pos
update_title_pos
update_title_pos
update_title_pos
update_title_pos
update_title_pos
[Epoch 0010/1000]	Epsilon:0.4955	#Expl.:170/365	#Buy:154	#Sell:154	#Hold:57	#Stocks:0	PV:₩12,882,000	POS:5	NEG:1	Loss:  0.196772
update_title_pos
update_title_pos
update_title_pos
update_title_pos
update_title_pos
update_title_pos
update_title_pos
update_title_pos
update_title_pos
update_title_pos
[Epoch 0011/1000]	Epsilon:0.4950	#Expl.:188/365	#Buy:146	#Sell:144	#Hold:75	#Stocks:2	PV:₩12,238,000	POS:5	NEG:1	Loss:  0.178632
update_title_pos
update_title_pos
update_title_pos
update_title_pos
update_title_pos
update_title_pos
update_title_pos
update_title_pos
update_title_pos
update_title_pos
[Epoch 0012/1000]	Epsilon:0.4945	#Expl.:169/365	#Buy:154	#Sell:152	#Hold:59	#Stocks:2	PV:₩12,117,000	POS:4	NEG:2	Loss:  0.183186
update_title_pos
update_title_pos
update_title_pos
update_title_pos
update_title_pos
update_title_pos
update_title_pos
update_title_pos
update_title_pos
update_title_pos
[Epoch 0013/1000]	Epsilon:0.4940	#Expl.:177/365	#Buy:143	#Sell:141	#Hold:81	#Stocks:2	PV:₩11,320,000	POS:5	NEG:1	Loss:  0.172099
update_title_pos
update_title_pos
update_title_pos
update_title_pos
update_title_pos
update_title_pos
update_title_pos
update_title_pos
update_title_pos
update_title_pos
[Epoch 0014/1000]	Epsilon:0.4935	#Expl.:183/365	#Buy:146	#Sell:146	#Hold:73	#Stocks:0	PV:₩11,513,000	POS:5	NEG:1	Loss:  0.184190
update_title_pos
update_title_pos
update_title_pos
update_title_pos
update_title_pos
update_title_pos
update_title_pos
update_title_pos
update_title_pos
update_title_pos
[Epoch 0015/1000]	Epsilon:0.4930	#Expl.:183/365	#Buy:150	#Sell:148	#Hold:67	#Stocks:2	PV:₩12,224,000	POS:5	NEG:1	Loss:  0.179888
update_title_pos
update_title_pos
update_title_pos
update_title_pos
update_title_pos
update_title_pos
update_title_pos
update_title_pos
update_title_pos
update_title_pos
[Epoch 0016/1000]	Epsilon:0.4925	#Expl.:199/365	#Buy:141	#Sell:138	#Hold:86	#Stocks:3	PV:₩11,852,000	POS:5	NEG:1	Loss:  0.177146
update_title_pos
update_title_pos
update_title_pos
update_title_pos
update_title_pos
update_title_pos
update_title_pos
update_title_pos
update_title_pos
update_title_pos
[Epoch 0017/1000]	Epsilon:0.4920	#Expl.:184/365	#Buy:141	#Sell:141	#Hold:83	#Stocks:0	PV:₩11,139,000	POS:3	NEG:3	Loss:  0.179314
update_title_pos
update_title_pos
update_title_pos
update_title_pos
update_title_pos
update_title_pos
update_title_pos
update_title_pos
update_title_pos
update_title_pos
[Epoch 0018/1000]	Epsilon:0.4915	#Expl.:187/365	#Buy:145	#Sell:145	#Hold:75	#Stocks:0	PV:₩12,839,000	POS:4	NEG:2	Loss:  0.182066
update_title_pos
update_title_pos
update_title_pos
update_title_pos
update_title_pos
update_title_pos
update_title_pos
update_title_pos
update_title_pos
update_title_pos
[Epoch 0019/1000]	Epsilon:0.4910	#Expl.:183/365	#Buy:143	#Sell:142	#Hold:80	#Stocks:1	PV:₩11,443,000	POS:2	NEG:4	Loss:  0.202646
update_title_pos
update_title_pos
update_title_pos
update_title_pos
update_title_pos
update_title_pos
update_title_pos
update_title_pos
update_title_pos
update_title_pos
[Epoch 0020/1000]	Epsilon:0.4905	#Expl.:171/365	#Buy:149	#Sell:149	#Hold:67	#Stocks:0	PV:₩13,107,000	POS:5	NEG:1	Loss:  0.182807
update_title_pos
update_title_pos
update_title_pos
update_title_pos
update_title_pos
update_title_pos
update_title_pos
update_title_pos
update_title_pos
update_title_pos
[Epoch 0021/1000]	Epsilon:0.4900	#Expl.:185/365	#Buy:142	#Sell:142	#Hold:81	#Stocks:0	PV:₩10,541,000	POS:4	NEG:2	Loss:  0.183940
update_title_pos
update_title_pos
update_title_pos
update_title_pos
update_title_pos
update_title_pos
update_title_pos
update_title_pos
update_title_pos
update_title_pos
[Epoch 0022/1000]	Epsilon:0.4895	#Expl.:178/365	#Buy:143	#Sell:140	#Hold:82	#Stocks:3	PV:₩11,147,000	POS:4	NEG:2	Loss:  0.178950
update_title_pos
update_title_pos
update_title_pos
update_title_pos
update_title_pos
update_title_pos
update_title_pos
update_title_pos
update_title_pos
update_title_pos
[Epoch 0023/1000]	Epsilon:0.4890	#Expl.:161/365	#Buy:148	#Sell:148	#Hold:69	#Stocks:0	PV:₩12,279,000	POS:5	NEG:1	Loss:  0.170715
update_title_pos
update_title_pos
update_title_pos
update_title_pos
update_title_pos
update_title_pos
update_title_pos
update_title_pos
update_title_pos
update_title_pos
[Epoch 0024/1000]	Epsilon:0.4885	#Expl.:192/365	#Buy:152	#Sell:151	#Hold:62	#Stocks:1	PV:₩12,746,000	POS:5	NEG:1	Loss:  0.178909
update_title_pos
update_title_pos
update_title_pos
update_title_pos
update_title_pos
update_title_pos
update_title_pos
update_title_pos
update_title_pos
update_title_pos
[Epoch 0025/1000]	Epsilon:0.4880	#Expl.:162/365	#Buy:146	#Sell:145	#Hold:74	#Stocks:1	PV:₩10,143,000	POS:3	NEG:3	Loss:  0.182471
update_title_pos
update_title_pos
update_title_pos
update_title_pos
update_title_pos
update_title_pos
update_title_pos
update_title_pos
update_title_pos
update_title_pos
[Epoch 0026/1000]	Epsilon:0.4875	#Expl.:175/365	#Buy:150	#Sell:148	#Hold:67	#Stocks:2	PV:₩12,348,000	POS:4	NEG:2	Loss:  0.197317
update_title_pos
update_title_pos
update_title_pos
update_title_pos
update_title_pos
update_title_pos
update_title_pos
update_title_pos
update_title_pos
update_title_pos
[Epoch 0027/1000]	Epsilon:0.4870	#Expl.:172/365	#Buy:138	#Sell:138	#Hold:89	#Stocks:0	PV:₩12,655,000	POS:5	NEG:1	Loss:  0.175291
update_title_pos
update_title_pos
update_title_pos
update_title_pos
update_title_pos
update_title_pos
update_title_pos
update_title_pos
update_title_pos
update_title_pos
[Epoch 0028/1000]	Epsilon:0.4865	#Expl.:185/365	#Buy:152	#Sell:151	#Hold:62	#Stocks:1	PV:₩12,472,000	POS:6	NEG:0	Loss:  0.175333
update_title_pos
update_title_pos
update_title_pos
update_title_pos
update_title_pos
update_title_pos
update_title_pos
update_title_pos
update_title_pos
update_title_pos
[Epoch 0029/1000]	Epsilon:0.4860	#Expl.:173/365	#Buy:146	#Sell:145	#Hold:74	#Stocks:1	PV:₩11,031,000	POS:5	NEG:1	Loss:  0.179159
update_title_pos
update_title_pos
update_title_pos
update_title_pos
update_title_pos
update_title_pos
update_title_pos
update_title_pos
update_title_pos
update_title_pos
[Epoch 0030/1000]	Epsilon:0.4855	#Expl.:165/365	#Buy:150	#Sell:150	#Hold:65	#Stocks:0	PV:₩11,984,000	POS:5	NEG:1	Loss:  0.174155
update_title_pos
update_title_pos
update_title_pos
update_title_pos
update_title_pos
update_title_pos
update_title_pos
update_title_pos
update_title_pos
update_title_pos
[Epoch 0031/1000]	Epsilon:0.4850	#Expl.:185/365	#Buy:151	#Sell:147	#Hold:67	#Stocks:4	PV:₩10,445,000	POS:3	NEG:3	Loss:  0.178469
update_title_pos
update_title_pos
update_title_pos
update_title_pos
update_title_pos
update_title_pos
update_title_pos
update_title_pos
update_title_pos
update_title_pos
[Epoch 0032/1000]	Epsilon:0.4845	#Expl.:166/365	#Buy:136	#Sell:136	#Hold:93	#Stocks:0	PV:₩11,407,000	POS:5	NEG:1	Loss:  0.184587
update_title_pos
update_title_pos
update_title_pos
update_title_pos
update_title_pos
update_title_pos
update_title_pos
update_title_pos
update_title_pos
update_title_pos
[Epoch 0033/1000]	Epsilon:0.4840	#Expl.:168/365	#Buy:146	#Sell:146	#Hold:73	#Stocks:0	PV:₩13,159,000	POS:4	NEG:2	Loss:  0.184594
update_title_pos
update_title_pos
update_title_pos
update_title_pos
update_title_pos
update_title_pos
update_title_pos
update_title_pos
update_title_pos
update_title_pos
[Epoch 0034/1000]	Epsilon:0.4835	#Expl.:172/365	#Buy:145	#Sell:142	#Hold:78	#Stocks:3	PV:₩12,221,000	POS:4	NEG:2	Loss:  0.177603
update_title_pos
update_title_pos
update_title_pos
update_title_pos
update_title_pos
update_title_pos
update_title_pos
update_title_pos
update_title_pos
update_title_pos
[Epoch 0035/1000]	Epsilon:0.4830	#Expl.:175/365	#Buy:155	#Sell:155	#Hold:55	#Stocks:0	PV:₩10,585,000	POS:3	NEG:3	Loss:  0.187461
update_title_pos
update_title_pos
update_title_pos
update_title_pos
update_title_pos
update_title_pos
update_title_pos
update_title_pos
update_title_pos
update_title_pos
[Epoch 0036/1000]	Epsilon:0.4825	#Expl.:175/365	#Buy:149	#Sell:149	#Hold:67	#Stocks:0	PV:₩11,303,000	POS:3	NEG:3	Loss:  0.189642
update_title_pos
update_title_pos
update_title_pos
update_title_pos
update_title_pos
update_title_pos
update_title_pos
update_title_pos
update_title_pos
update_title_pos
[Epoch 0037/1000]	Epsilon:0.4820	#Expl.:181/365	#Buy:152	#Sell:152	#Hold:61	#Stocks:0	PV:₩12,191,000	POS:5	NEG:1	Loss:  0.175177
update_title_pos
update_title_pos
update_title_pos
update_title_pos
update_title_pos
update_title_pos
update_title_pos
update_title_pos
update_title_pos
update_title_pos
[Epoch 0038/1000]	Epsilon:0.4815	#Expl.:183/365	#Buy:135	#Sell:134	#Hold:96	#Stocks:1	PV:₩11,001,000	POS:3	NEG:3	Loss:  0.177939
update_title_pos
update_title_pos
update_title_pos
update_title_pos
update_title_pos
update_title_pos
update_title_pos
update_title_pos
update_title_pos
update_title_pos
[Epoch 0039/1000]	Epsilon:0.4810	#Expl.:184/365	#Buy:143	#Sell:143	#Hold:79	#Stocks:0	PV:₩12,113,000	POS:5	NEG:1	Loss:  0.184679
update_title_pos
update_title_pos
update_title_pos
update_title_pos
update_title_pos
update_title_pos
update_title_pos
update_title_pos
update_title_pos
update_title_pos
[Epoch 0040/1000]	Epsilon:0.4805	#Expl.:168/365	#Buy:148	#Sell:144	#Hold:73	#Stocks:4	PV:₩11,606,000	POS:5	NEG:1	Loss:  0.177620
update_title_pos
update_title_pos
update_title_pos
update_title_pos
update_title_pos
update_title_pos
update_title_pos
update_title_pos
update_title_pos
update_title_pos
[Epoch 0041/1000]	Epsilon:0.4800	#Expl.:193/365	#Buy:153	#Sell:152	#Hold:60	#Stocks:1	PV:₩11,333,000	POS:5	NEG:1	Loss:  0.173374
update_title_pos
update_title_pos
update_title_pos
update_title_pos
update_title_pos
update_title_pos
update_title_pos
update_title_pos
update_title_pos
update_title_pos
[Epoch 0042/1000]	Epsilon:0.4795	#Expl.:168/365	#Buy:144	#Sell:144	#Hold:77	#Stocks:0	PV:₩10,427,000	POS:4	NEG:2	Loss:  0.183799
update_title_pos
update_title_pos
update_title_pos
update_title_pos
update_title_pos
update_title_pos
update_title_pos
update_title_pos
update_title_pos
update_title_pos
[Epoch 0043/1000]	Epsilon:0.4790	#Expl.:165/365	#Buy:150	#Sell:149	#Hold:66	#Stocks:1	PV:₩11,837,000	POS:4	NEG:2	Loss:  0.188181
update_title_pos
update_title_pos
update_title_pos
update_title_pos
update_title_pos
update_title_pos
update_title_pos
update_title_pos
update_title_pos
update_title_pos
[Epoch 0044/1000]	Epsilon:0.4785	#Expl.:149/365	#Buy:147	#Sell:147	#Hold:71	#Stocks:0	PV:₩11,482,000	POS:4	NEG:2	Loss:  0.182335
update_title_pos
update_title_pos
update_title_pos
update_title_pos
update_title_pos
update_title_pos
update_title_pos
update_title_pos
update_title_pos
update_title_pos
[Epoch 0045/1000]	Epsilon:0.4780	#Expl.:158/365	#Buy:147	#Sell:147	#Hold:71	#Stocks:0	PV:₩11,191,000	POS:5	NEG:1	Loss:  0.173361
update_title_pos
update_title_pos
update_title_pos
update_title_pos
update_title_pos
update_title_pos
update_title_pos
update_title_pos
update_title_pos
update_title_pos
[Epoch 0046/1000]	Epsilon:0.4775	#Expl.:190/365	#Buy:146	#Sell:146	#Hold:73	#Stocks:0	PV:₩12,826,000	POS:3	NEG:3	Loss:  0.177745
update_title_pos
update_title_pos
update_title_pos
update_title_pos
update_title_pos
update_title_pos
update_title_pos
update_title_pos
update_title_pos
update_title_pos
[Epoch 0047/1000]	Epsilon:0.4770	#Expl.:182/365	#Buy:136	#Sell:134	#Hold:95	#Stocks:2	PV:₩11,255,000	POS:3	NEG:3	Loss:  0.185178
update_title_pos
update_title_pos
update_title_pos
update_title_pos
update_title_pos
update_title_pos
update_title_pos
update_title_pos
update_title_pos
update_title_pos
[Epoch 0048/1000]	Epsilon:0.4765	#Expl.:161/365	#Buy:141	#Sell:141	#Hold:83	#Stocks:0	PV:₩10,933,000	POS:4	NEG:2	Loss:  0.178386
update_title_pos
update_title_pos
update_title_pos
update_title_pos
update_title_pos
update_title_pos
update_title_pos
update_title_pos
update_title_pos
update_title_pos
[Epoch 0049/1000]	Epsilon:0.4760	#Expl.:154/365	#Buy:141	#Sell:140	#Hold:84	#Stocks:1	PV:₩12,236,000	POS:5	NEG:1	Loss:  0.174136
update_title_pos
update_title_pos
update_title_pos
update_title_pos
update_title_pos
update_title_pos
update_title_pos
update_title_pos
update_title_pos
update_title_pos
[Epoch 0050/1000]	Epsilon:0.4755	#Expl.:149/365	#Buy:151	#Sell:149	#Hold:65	#Stocks:2	PV:₩12,351,000	POS:5	NEG:1	Loss:  0.182213
update_title_pos
update_title_pos
update_title_pos
update_title_pos
update_title_pos
update_title_pos
update_title_pos
update_title_pos
update_title_pos
update_title_pos
[Epoch 0051/1000]	Epsilon:0.4750	#Expl.:180/365	#Buy:149	#Sell:148	#Hold:68	#Stocks:1	PV:₩10,913,000	POS:2	NEG:4	Loss:  0.181056
update_title_pos
update_title_pos
update_title_pos
update_title_pos
update_title_pos
update_title_pos
update_title_pos
update_title_pos
update_title_pos
update_title_pos
[Epoch 0052/1000]	Epsilon:0.4745	#Expl.:154/365	#Buy:139	#Sell:139	#Hold:87	#Stocks:0	PV:₩12,071,000	POS:5	NEG:1	Loss:  0.183749
update_title_pos
update_title_pos
update_title_pos
update_title_pos
update_title_pos
update_title_pos
update_title_pos
update_title_pos
update_title_pos
update_title_pos
[Epoch 0053/1000]	Epsilon:0.4740	#Expl.:175/365	#Buy:140	#Sell:139	#Hold:86	#Stocks:1	PV:₩11,195,000	POS:3	NEG:3	Loss:  0.186768
update_title_pos
update_title_pos
update_title_pos
update_title_pos
update_title_pos
update_title_pos
update_title_pos
update_title_pos
update_title_pos
update_title_pos
[Epoch 0054/1000]	Epsilon:0.4735	#Expl.:167/365	#Buy:148	#Sell:147	#Hold:70	#Stocks:1	PV:₩10,468,000	POS:3	NEG:3	Loss:  0.180368
update_title_pos
update_title_pos
update_title_pos
update_title_pos
update_title_pos
update_title_pos
update_title_pos
update_title_pos
update_title_pos
update_title_pos
[Epoch 0055/1000]	Epsilon:0.4730	#Expl.:162/365	#Buy:153	#Sell:149	#Hold:63	#Stocks:4	PV:₩10,652,000	POS:4	NEG:2	Loss:  0.183186
update_title_pos
update_title_pos
update_title_pos
update_title_pos
update_title_pos
update_title_pos
update_title_pos
update_title_pos
update_title_pos
update_title_pos
[Epoch 0056/1000]	Epsilon:0.4725	#Expl.:173/365	#Buy:147	#Sell:146	#Hold:72	#Stocks:1	PV:₩11,267,000	POS:4	NEG:2	Loss:  0.181070
update_title_pos
update_title_pos
update_title_pos
update_title_pos
update_title_pos
update_title_pos
update_title_pos
update_title_pos
update_title_pos
update_title_pos
[Epoch 0057/1000]	Epsilon:0.4720	#Expl.:169/365	#Buy:150	#Sell:149	#Hold:66	#Stocks:1	PV:₩11,086,000	POS:3	NEG:3	Loss:  0.177155
update_title_pos
update_title_pos
update_title_pos
update_title_pos
update_title_pos
update_title_pos
update_title_pos
update_title_pos
update_title_pos
update_title_pos
[Epoch 0058/1000]	Epsilon:0.4715	#Expl.:168/365	#Buy:137	#Sell:137	#Hold:91	#Stocks:0	PV:₩11,215,000	POS:4	NEG:2	Loss:  0.178561
update_title_pos
update_title_pos
update_title_pos
update_title_pos
update_title_pos
update_title_pos
update_title_pos
update_title_pos
update_title_pos
update_title_pos
[Epoch 0059/1000]	Epsilon:0.4710	#Expl.:172/365	#Buy:150	#Sell:150	#Hold:65	#Stocks:0	PV:₩13,009,000	POS:5	NEG:1	Loss:  0.174391
update_title_pos
update_title_pos
update_title_pos
update_title_pos
update_title_pos
update_title_pos
update_title_pos
update_title_pos
update_title_pos
update_title_pos
[Epoch 0060/1000]	Epsilon:0.4705	#Expl.:182/365	#Buy:154	#Sell:152	#Hold:59	#Stocks:2	PV:₩11,659,000	POS:3	NEG:3	Loss:  0.185225
update_title_pos
update_title_pos
update_title_pos
update_title_pos
update_title_pos
update_title_pos
update_title_pos
update_title_pos
update_title_pos
update_title_pos
[Epoch 0061/1000]	Epsilon:0.4700	#Expl.:177/365	#Buy:148	#Sell:146	#Hold:71	#Stocks:2	PV:₩10,877,000	POS:5	NEG:1	Loss:  0.184545
update_title_pos
update_title_pos
update_title_pos
update_title_pos
update_title_pos
update_title_pos
update_title_pos
update_title_pos
update_title_pos
update_title_pos
[Epoch 0062/1000]	Epsilon:0.4695	#Expl.:188/365	#Buy:145	#Sell:141	#Hold:79	#Stocks:4	PV:₩11,067,000	POS:5	NEG:1	Loss:  0.194388
update_title_pos
update_title_pos
update_title_pos
update_title_pos
update_title_pos
update_title_pos
update_title_pos
update_title_pos
update_title_pos
update_title_pos
[Epoch 0063/1000]	Epsilon:0.4690	#Expl.:182/365	#Buy:144	#Sell:144	#Hold:77	#Stocks:0	PV:₩11,667,000	POS:4	NEG:2	Loss:  0.181459
update_title_pos
update_title_pos
update_title_pos
update_title_pos
update_title_pos
update_title_pos
update_title_pos
update_title_pos
update_title_pos
update_title_pos
[Epoch 0064/1000]	Epsilon:0.4685	#Expl.:174/365	#Buy:151	#Sell:151	#Hold:63	#Stocks:0	PV:₩12,425,000	POS:4	NEG:2	Loss:  0.173127
update_title_pos
update_title_pos
update_title_pos
update_title_pos
update_title_pos
update_title_pos
update_title_pos
update_title_pos
update_title_pos
update_title_pos
[Epoch 0065/1000]	Epsilon:0.4680	#Expl.:185/365	#Buy:141	#Sell:141	#Hold:83	#Stocks:0	PV:₩11,953,000	POS:3	NEG:3	Loss:  0.181559
update_title_pos
update_title_pos
update_title_pos
update_title_pos
update_title_pos
update_title_pos
update_title_pos
update_title_pos
update_title_pos
update_title_pos
[Epoch 0066/1000]	Epsilon:0.4675	#Expl.:173/365	#Buy:155	#Sell:155	#Hold:55	#Stocks:0	PV:₩13,107,000	POS:5	NEG:1	Loss:  0.171468
update_title_pos
update_title_pos
update_title_pos
update_title_pos
update_title_pos
update_title_pos
update_title_pos
update_title_pos
update_title_pos
update_title_pos
[Epoch 0067/1000]	Epsilon:0.4670	#Expl.:164/365	#Buy:140	#Sell:140	#Hold:85	#Stocks:0	PV:₩11,811,000	POS:4	NEG:2	Loss:  0.174066
update_title_pos
update_title_pos
update_title_pos
update_title_pos
update_title_pos
update_title_pos
update_title_pos
update_title_pos
update_title_pos
update_title_pos
[Epoch 0068/1000]	Epsilon:0.4665	#Expl.:180/365	#Buy:154	#Sell:152	#Hold:59	#Stocks:2	PV:₩12,746,000	POS:5	NEG:1	Loss:  0.179691
update_title_pos
update_title_pos
update_title_pos
update_title_pos
update_title_pos
update_title_pos
update_title_pos
update_title_pos
update_title_pos
update_title_pos
[Epoch 0069/1000]	Epsilon:0.4660	#Expl.:162/365	#Buy:142	#Sell:142	#Hold:81	#Stocks:0	PV:₩10,750,000	POS:4	NEG:2	Loss:  0.171593
update_title_pos
update_title_pos
update_title_pos
update_title_pos
update_title_pos
update_title_pos
update_title_pos
update_title_pos
update_title_pos
update_title_pos
[Epoch 0070/1000]	Epsilon:0.4655	#Expl.:164/365	#Buy:143	#Sell:143	#Hold:79	#Stocks:0	PV:₩11,430,000	POS:4	NEG:2	Loss:  0.169949
update_title_pos
update_title_pos
update_title_pos
update_title_pos
update_title_pos
update_title_pos
update_title_pos
update_title_pos
update_title_pos
update_title_pos
[Epoch 0071/1000]	Epsilon:0.4650	#Expl.:175/365	#Buy:135	#Sell:133	#Hold:97	#Stocks:2	PV:₩10,547,000	POS:4	NEG:2	Loss:  0.174909
update_title_pos
update_title_pos
update_title_pos
update_title_pos
update_title_pos
update_title_pos
update_title_pos
update_title_pos
update_title_pos
update_title_pos
[Epoch 0072/1000]	Epsilon:0.4645	#Expl.:170/365	#Buy:153	#Sell:153	#Hold:59	#Stocks:0	PV:₩13,058,000	POS:5	NEG:1	Loss:  0.168007
update_title_pos
update_title_pos
update_title_pos
update_title_pos
update_title_pos
update_title_pos
update_title_pos
update_title_pos
update_title_pos
update_title_pos
[Epoch 0073/1000]	Epsilon:0.4640	#Expl.:162/365	#Buy:145	#Sell:145	#Hold:75	#Stocks:0	PV:₩11,350,000	POS:3	NEG:3	Loss:  0.186313
update_title_pos
update_title_pos
update_title_pos
update_title_pos
update_title_pos
update_title_pos
update_title_pos
update_title_pos
update_title_pos
update_title_pos
[Epoch 0074/1000]	Epsilon:0.4635	#Expl.:171/365	#Buy:140	#Sell:139	#Hold:86	#Stocks:1	PV:₩11,135,000	POS:5	NEG:1	Loss:  0.179448
update_title_pos
update_title_pos
update_title_pos
update_title_pos
update_title_pos
update_title_pos
update_title_pos
update_title_pos
update_title_pos
update_title_pos
[Epoch 0075/1000]	Epsilon:0.4630	#Expl.:159/365	#Buy:136	#Sell:136	#Hold:93	#Stocks:0	PV:₩12,071,000	POS:5	NEG:1	Loss:  0.173268
update_title_pos
update_title_pos
update_title_pos
update_title_pos
update_title_pos
update_title_pos
update_title_pos
update_title_pos
update_title_pos
update_title_pos
[Epoch 0076/1000]	Epsilon:0.4625	#Expl.:174/365	#Buy:145	#Sell:145	#Hold:75	#Stocks:0	PV:₩11,731,000	POS:4	NEG:2	Loss:  0.181597
update_title_pos
update_title_pos
update_title_pos
update_title_pos
update_title_pos
update_title_pos
update_title_pos
update_title_pos
update_title_pos
update_title_pos
[Epoch 0077/1000]	Epsilon:0.4620	#Expl.:167/365	#Buy:135	#Sell:135	#Hold:95	#Stocks:0	PV:₩10,891,000	POS:4	NEG:2	Loss:  0.170216
update_title_pos
update_title_pos
update_title_pos
update_title_pos
update_title_pos
update_title_pos
update_title_pos
update_title_pos
update_title_pos
update_title_pos
[Epoch 0078/1000]	Epsilon:0.4615	#Expl.:173/365	#Buy:140	#Sell:138	#Hold:87	#Stocks:2	PV:₩11,715,000	POS:5	NEG:1	Loss:  0.172342
update_title_pos
update_title_pos
update_title_pos
update_title_pos
update_title_pos
update_title_pos
update_title_pos
update_title_pos
update_title_pos
update_title_pos
[Epoch 0079/1000]	Epsilon:0.4610	#Expl.:178/365	#Buy:132	#Sell:132	#Hold:101	#Stocks:0	PV:₩10,867,000	POS:4	NEG:2	Loss:  0.178896
update_title_pos
update_title_pos
update_title_pos
update_title_pos
update_title_pos
update_title_pos
update_title_pos
update_title_pos
update_title_pos
update_title_pos
[Epoch 0080/1000]	Epsilon:0.4605	#Expl.:187/365	#Buy:142	#Sell:139	#Hold:84	#Stocks:3	PV:₩12,286,000	POS:4	NEG:2	Loss:  0.178652
update_title_pos
update_title_pos
update_title_pos
update_title_pos
update_title_pos
update_title_pos
update_title_pos
update_title_pos
update_title_pos
update_title_pos
[Epoch 0081/1000]	Epsilon:0.4600	#Expl.:166/365	#Buy:140	#Sell:140	#Hold:85	#Stocks:0	PV:₩10,969,000	POS:4	NEG:2	Loss:  0.174036
update_title_pos
update_title_pos
update_title_pos
update_title_pos
update_title_pos
update_title_pos
update_title_pos
update_title_pos
update_title_pos
update_title_pos
[Epoch 0082/1000]	Epsilon:0.4595	#Expl.:154/365	#Buy:134	#Sell:131	#Hold:100	#Stocks:3	PV:₩10,248,000	POS:3	NEG:3	Loss:  0.183846
update_title_pos
update_title_pos
update_title_pos
update_title_pos
update_title_pos
update_title_pos
update_title_pos
update_title_pos
update_title_pos
update_title_pos
[Epoch 0083/1000]	Epsilon:0.4590	#Expl.:169/365	#Buy:139	#Sell:139	#Hold:87	#Stocks:0	PV:₩12,471,000	POS:4	NEG:2	Loss:  0.181588
update_title_pos
update_title_pos
update_title_pos
update_title_pos
update_title_pos
update_title_pos
update_title_pos
update_title_pos
update_title_pos
update_title_pos
[Epoch 0084/1000]	Epsilon:0.4585	#Expl.:153/365	#Buy:133	#Sell:133	#Hold:99	#Stocks:0	PV:₩11,321,000	POS:4	NEG:2	Loss:  0.175743
update_title_pos
update_title_pos
update_title_pos
update_title_pos
update_title_pos
update_title_pos
update_title_pos
update_title_pos
update_title_pos
update_title_pos
[Epoch 0085/1000]	Epsilon:0.4580	#Expl.:184/365	#Buy:136	#Sell:136	#Hold:93	#Stocks:0	PV:₩11,411,000	POS:4	NEG:2	Loss:  0.175364
update_title_pos
update_title_pos
update_title_pos
update_title_pos
update_title_pos
update_title_pos
update_title_pos
update_title_pos
update_title_pos
update_title_pos
[Epoch 0086/1000]	Epsilon:0.4575	#Expl.:190/365	#Buy:142	#Sell:141	#Hold:82	#Stocks:1	PV:₩11,578,000	POS:5	NEG:1	Loss:  0.177917
update_title_pos
update_title_pos
update_title_pos
update_title_pos
update_title_pos
update_title_pos
update_title_pos
update_title_pos
update_title_pos
update_title_pos
[Epoch 0087/1000]	Epsilon:0.4570	#Expl.:173/365	#Buy:138	#Sell:136	#Hold:91	#Stocks:2	PV:₩11,213,000	POS:4	NEG:2	Loss:  0.179072
update_title_pos
update_title_pos
update_title_pos
update_title_pos
update_title_pos
update_title_pos
update_title_pos
update_title_pos
update_title_pos
update_title_pos
[Epoch 0088/1000]	Epsilon:0.4565	#Expl.:168/365	#Buy:132	#Sell:131	#Hold:102	#Stocks:1	PV:₩10,885,000	POS:4	NEG:2	Loss:  0.178023
update_title_pos
update_title_pos
update_title_pos
update_title_pos
update_title_pos
update_title_pos
update_title_pos
update_title_pos
update_title_pos
update_title_pos
[Epoch 0089/1000]	Epsilon:0.4560	#Expl.:161/365	#Buy:135	#Sell:135	#Hold:95	#Stocks:0	PV:₩11,871,000	POS:5	NEG:1	Loss:  0.179201
update_title_pos
update_title_pos
update_title_pos
update_title_pos
update_title_pos
update_title_pos
update_title_pos
update_title_pos
update_title_pos
update_title_pos
[Epoch 0090/1000]	Epsilon:0.4555	#Expl.:165/365	#Buy:145	#Sell:145	#Hold:75	#Stocks:0	PV:₩11,977,000	POS:5	NEG:1	Loss:  0.179962
update_title_pos
update_title_pos
update_title_pos
update_title_pos
update_title_pos
update_title_pos
update_title_pos
update_title_pos
update_title_pos
update_title_pos
[Epoch 0091/1000]	Epsilon:0.4550	#Expl.:170/365	#Buy:138	#Sell:138	#Hold:89	#Stocks:0	PV:₩10,906,000	POS:4	NEG:2	Loss:  0.178872
update_title_pos
update_title_pos
update_title_pos
update_title_pos
update_title_pos
update_title_pos
update_title_pos
update_title_pos
update_title_pos
update_title_pos
[Epoch 0092/1000]	Epsilon:0.4545	#Expl.:175/365	#Buy:146	#Sell:146	#Hold:73	#Stocks:0	PV:₩12,089,000	POS:3	NEG:3	Loss:  0.185755
update_title_pos
update_title_pos
update_title_pos
update_title_pos
update_title_pos
update_title_pos
update_title_pos
update_title_pos
update_title_pos
update_title_pos
[Epoch 0093/1000]	Epsilon:0.4540	#Expl.:181/365	#Buy:149	#Sell:149	#Hold:67	#Stocks:0	PV:₩11,391,000	POS:5	NEG:1	Loss:  0.170207
update_title_pos
update_title_pos
update_title_pos
update_title_pos
update_title_pos
update_title_pos
update_title_pos
update_title_pos
update_title_pos
update_title_pos
[Epoch 0094/1000]	Epsilon:0.4535	#Expl.:157/365	#Buy:144	#Sell:143	#Hold:78	#Stocks:1	PV:₩12,169,000	POS:4	NEG:2	Loss:  0.172174
update_title_pos
update_title_pos
update_title_pos
update_title_pos
update_title_pos
update_title_pos
update_title_pos
update_title_pos
update_title_pos
update_title_pos
[Epoch 0095/1000]	Epsilon:0.4530	#Expl.:167/365	#Buy:149	#Sell:147	#Hold:69	#Stocks:2	PV:₩11,281,000	POS:4	NEG:2	Loss:  0.186926
update_title_pos
update_title_pos
update_title_pos
update_title_pos
update_title_pos
update_title_pos
update_title_pos
update_title_pos
update_title_pos
update_title_pos
[Epoch 0096/1000]	Epsilon:0.4525	#Expl.:184/365	#Buy:144	#Sell:140	#Hold:81	#Stocks:4	PV:₩12,329,000	POS:5	NEG:1	Loss:  0.185078
update_title_pos
update_title_pos
update_title_pos
update_title_pos
update_title_pos
update_title_pos
update_title_pos
update_title_pos
update_title_pos
update_title_pos
[Epoch 0097/1000]	Epsilon:0.4520	#Expl.:156/365	#Buy:144	#Sell:144	#Hold:77	#Stocks:0	PV:₩11,069,000	POS:4	NEG:2	Loss:  0.180325
update_title_pos
update_title_pos
update_title_pos
update_title_pos
update_title_pos
update_title_pos
update_title_pos
update_title_pos
update_title_pos
update_title_pos
[Epoch 0098/1000]	Epsilon:0.4515	#Expl.:149/365	#Buy:146	#Sell:146	#Hold:73	#Stocks:0	PV:₩11,116,000	POS:4	NEG:2	Loss:  0.179832
update_title_pos
update_title_pos
update_title_pos
update_title_pos
update_title_pos
update_title_pos
update_title_pos
update_title_pos
update_title_pos
update_title_pos
[Epoch 0099/1000]	Epsilon:0.4510	#Expl.:171/365	#Buy:131	#Sell:131	#Hold:103	#Stocks:0	PV:₩11,012,000	POS:3	NEG:3	Loss:  0.185464
update_title_pos
update_title_pos
update_title_pos
update_title_pos
update_title_pos
update_title_pos
update_title_pos
update_title_pos
update_title_pos
update_title_pos
[Epoch 0100/1000]	Epsilon:0.4505	#Expl.:182/365	#Buy:144	#Sell:144	#Hold:77	#Stocks:0	PV:₩11,174,000	POS:3	NEG:3	Loss:  0.186374
update_title_pos
update_title_pos
update_title_pos
update_title_pos
update_title_pos
update_title_pos
update_title_pos
update_title_pos
update_title_pos
update_title_pos
[Epoch 0101/1000]	Epsilon:0.4499	#Expl.:166/365	#Buy:133	#Sell:133	#Hold:99	#Stocks:0	PV:₩11,043,000	POS:4	NEG:2	Loss:  0.184980
update_title_pos
update_title_pos
update_title_pos
update_title_pos
update_title_pos
update_title_pos
update_title_pos
update_title_pos
update_title_pos
update_title_pos
[Epoch 0102/1000]	Epsilon:0.4494	#Expl.:159/365	#Buy:145	#Sell:145	#Hold:75	#Stocks:0	PV:₩10,606,000	POS:5	NEG:1	Loss:  0.171828
update_title_pos
update_title_pos
update_title_pos
update_title_pos
update_title_pos
update_title_pos
update_title_pos
update_title_pos
update_title_pos
update_title_pos
[Epoch 0103/1000]	Epsilon:0.4489	#Expl.:143/365	#Buy:132	#Sell:132	#Hold:101	#Stocks:0	PV:₩11,150,000	POS:4	NEG:2	Loss:  0.173605
update_title_pos
update_title_pos
update_title_pos
update_title_pos
update_title_pos
update_title_pos
update_title_pos
update_title_pos
update_title_pos
update_title_pos
[Epoch 0104/1000]	Epsilon:0.4484	#Expl.:163/365	#Buy:136	#Sell:136	#Hold:93	#Stocks:0	PV:₩12,579,000	POS:5	NEG:1	Loss:  0.182148
update_title_pos
update_title_pos
update_title_pos
update_title_pos
update_title_pos
update_title_pos
update_title_pos
update_title_pos
update_title_pos
update_title_pos
[Epoch 0105/1000]	Epsilon:0.4479	#Expl.:163/365	#Buy:141	#Sell:139	#Hold:85	#Stocks:2	PV:₩11,058,000	POS:5	NEG:1	Loss:  0.176571
update_title_pos
update_title_pos
update_title_pos
update_title_pos
update_title_pos
update_title_pos
update_title_pos
update_title_pos
update_title_pos
update_title_pos
[Epoch 0106/1000]	Epsilon:0.4474	#Expl.:166/365	#Buy:138	#Sell:136	#Hold:91	#Stocks:2	PV:₩11,828,000	POS:5	NEG:1	Loss:  0.169865
update_title_pos
update_title_pos
update_title_pos
update_title_pos
update_title_pos
update_title_pos
update_title_pos
update_title_pos
update_title_pos
update_title_pos
[Epoch 0107/1000]	Epsilon:0.4469	#Expl.:163/365	#Buy:138	#Sell:138	#Hold:89	#Stocks:0	PV:₩11,136,000	POS:4	NEG:2	Loss:  0.176474
update_title_pos
update_title_pos
update_title_pos
update_title_pos
update_title_pos
update_title_pos
update_title_pos
update_title_pos
update_title_pos
update_title_pos
[Epoch 0108/1000]	Epsilon:0.4464	#Expl.:157/365	#Buy:138	#Sell:138	#Hold:89	#Stocks:0	PV:₩11,199,000	POS:3	NEG:3	Loss:  0.184546
update_title_pos
update_title_pos
update_title_pos
update_title_pos
update_title_pos
update_title_pos
update_title_pos
update_title_pos
update_title_pos
update_title_pos
[Epoch 0109/1000]	Epsilon:0.4459	#Expl.:161/365	#Buy:142	#Sell:142	#Hold:81	#Stocks:0	PV:₩12,146,000	POS:5	NEG:1	Loss:  0.166984
update_title_pos
update_title_pos
update_title_pos
update_title_pos
update_title_pos
update_title_pos
update_title_pos
update_title_pos
update_title_pos
update_title_pos
[Epoch 0110/1000]	Epsilon:0.4454	#Expl.:159/365	#Buy:137	#Sell:137	#Hold:91	#Stocks:0	PV:₩10,913,000	POS:4	NEG:2	Loss:  0.189061
update_title_pos
update_title_pos
update_title_pos
update_title_pos
update_title_pos
update_title_pos
update_title_pos
update_title_pos
update_title_pos
update_title_pos
[Epoch 0111/1000]	Epsilon:0.4449	#Expl.:161/365	#Buy:146	#Sell:146	#Hold:73	#Stocks:0	PV:₩11,363,000	POS:3	NEG:3	Loss:  0.175884
update_title_pos
update_title_pos
update_title_pos
update_title_pos
update_title_pos
update_title_pos
update_title_pos
update_title_pos
update_title_pos
update_title_pos
[Epoch 0112/1000]	Epsilon:0.4444	#Expl.:171/365	#Buy:150	#Sell:146	#Hold:69	#Stocks:4	PV:₩11,148,000	POS:4	NEG:2	Loss:  0.170759
update_title_pos
update_title_pos
update_title_pos
update_title_pos
update_title_pos
update_title_pos
update_title_pos
update_title_pos
update_title_pos
update_title_pos
[Epoch 0113/1000]	Epsilon:0.4439	#Expl.:171/365	#Buy:138	#Sell:137	#Hold:90	#Stocks:1	PV:₩11,207,000	POS:4	NEG:2	Loss:  0.179410
update_title_pos
update_title_pos
update_title_pos
update_title_pos
update_title_pos
update_title_pos
update_title_pos
update_title_pos
update_title_pos
update_title_pos
[Epoch 0114/1000]	Epsilon:0.4434	#Expl.:160/365	#Buy:145	#Sell:145	#Hold:75	#Stocks:0	PV:₩12,696,000	POS:5	NEG:1	Loss:  0.172968
update_title_pos
update_title_pos
update_title_pos
update_title_pos
update_title_pos
update_title_pos
update_title_pos
update_title_pos
update_title_pos
update_title_pos
[Epoch 0115/1000]	Epsilon:0.4429	#Expl.:156/365	#Buy:133	#Sell:132	#Hold:100	#Stocks:1	PV:₩11,913,000	POS:5	NEG:1	Loss:  0.160996
update_title_pos
update_title_pos
update_title_pos
update_title_pos
update_title_pos
update_title_pos
update_title_pos
update_title_pos
update_title_pos
update_title_pos
[Epoch 0116/1000]	Epsilon:0.4424	#Expl.:167/365	#Buy:144	#Sell:142	#Hold:79	#Stocks:2	PV:₩12,987,000	POS:5	NEG:1	Loss:  0.173830
update_title_pos
update_title_pos
update_title_pos
update_title_pos
update_title_pos
update_title_pos
update_title_pos
update_title_pos
update_title_pos
update_title_pos
[Epoch 0117/1000]	Epsilon:0.4419	#Expl.:170/365	#Buy:143	#Sell:143	#Hold:79	#Stocks:0	PV:₩11,803,000	POS:3	NEG:3	Loss:  0.176621
update_title_pos
update_title_pos
update_title_pos
update_title_pos
update_title_pos
update_title_pos
update_title_pos
update_title_pos
update_title_pos
update_title_pos
[Epoch 0118/1000]	Epsilon:0.4414	#Expl.:144/365	#Buy:139	#Sell:139	#Hold:87	#Stocks:0	PV:₩12,517,000	POS:5	NEG:1	Loss:  0.178264
update_title_pos
update_title_pos
update_title_pos
update_title_pos
update_title_pos
update_title_pos
update_title_pos
update_title_pos
update_title_pos
update_title_pos
[Epoch 0119/1000]	Epsilon:0.4409	#Expl.:160/365	#Buy:148	#Sell:146	#Hold:71	#Stocks:2	PV:₩11,911,000	POS:5	NEG:1	Loss:  0.176816
update_title_pos
update_title_pos
update_title_pos
update_title_pos
update_title_pos
update_title_pos
update_title_pos
update_title_pos
update_title_pos
update_title_pos
[Epoch 0120/1000]	Epsilon:0.4404	#Expl.:168/365	#Buy:140	#Sell:140	#Hold:85	#Stocks:0	PV:₩10,800,000	POS:4	NEG:2	Loss:  0.178877
update_title_pos
update_title_pos
update_title_pos
update_title_pos
update_title_pos
update_title_pos
update_title_pos
update_title_pos
update_title_pos
update_title_pos
[Epoch 0121/1000]	Epsilon:0.4399	#Expl.:171/365	#Buy:140	#Sell:139	#Hold:86	#Stocks:1	PV:₩12,618,000	POS:4	NEG:2	Loss:  0.174026
update_title_pos
update_title_pos
update_title_pos
update_title_pos
update_title_pos
update_title_pos
update_title_pos
update_title_pos
update_title_pos
update_title_pos
[Epoch 0122/1000]	Epsilon:0.4394	#Expl.:156/365	#Buy:146	#Sell:143	#Hold:76	#Stocks:3	PV:₩10,373,000	POS:3	NEG:3	Loss:  0.177394
update_title_pos
update_title_pos
update_title_pos
update_title_pos
update_title_pos
update_title_pos
update_title_pos
update_title_pos
update_title_pos
update_title_pos
[Epoch 0123/1000]	Epsilon:0.4389	#Expl.:150/365	#Buy:134	#Sell:134	#Hold:97	#Stocks:0	PV:₩11,304,000	POS:4	NEG:2	Loss:  0.173519
update_title_pos
update_title_pos
update_title_pos
update_title_pos
update_title_pos
update_title_pos
update_title_pos
update_title_pos
update_title_pos
update_title_pos
[Epoch 0124/1000]	Epsilon:0.4384	#Expl.:154/365	#Buy:145	#Sell:144	#Hold:76	#Stocks:1	PV:₩11,208,000	POS:4	NEG:2	Loss:  0.178437
update_title_pos
update_title_pos
update_title_pos
update_title_pos
update_title_pos
update_title_pos
update_title_pos
update_title_pos
update_title_pos
update_title_pos
[Epoch 0125/1000]	Epsilon:0.4379	#Expl.:154/365	#Buy:142	#Sell:142	#Hold:81	#Stocks:0	PV:₩11,477,000	POS:5	NEG:1	Loss:  0.169367
update_title_pos
update_title_pos
update_title_pos
update_title_pos
update_title_pos
update_title_pos
update_title_pos
update_title_pos
update_title_pos
update_title_pos
[Epoch 0126/1000]	Epsilon:0.4374	#Expl.:158/365	#Buy:140	#Sell:140	#Hold:85	#Stocks:0	PV:₩11,353,000	POS:3	NEG:3	Loss:  0.188654
update_title_pos
update_title_pos
update_title_pos
update_title_pos
update_title_pos
update_title_pos
update_title_pos
update_title_pos
update_title_pos
update_title_pos
[Epoch 0127/1000]	Epsilon:0.4369	#Expl.:161/365	#Buy:133	#Sell:130	#Hold:102	#Stocks:3	PV:₩11,891,000	POS:3	NEG:3	Loss:  0.184021
update_title_pos
update_title_pos
update_title_pos
update_title_pos
update_title_pos
update_title_pos
update_title_pos
update_title_pos
update_title_pos
update_title_pos
[Epoch 0128/1000]	Epsilon:0.4364	#Expl.:163/365	#Buy:135	#Sell:135	#Hold:95	#Stocks:0	PV:₩11,251,000	POS:5	NEG:1	Loss:  0.174967
update_title_pos
update_title_pos
update_title_pos
update_title_pos
update_title_pos
update_title_pos
update_title_pos
update_title_pos
update_title_pos
update_title_pos
[Epoch 0129/1000]	Epsilon:0.4359	#Expl.:157/365	#Buy:143	#Sell:143	#Hold:79	#Stocks:0	PV:₩12,494,000	POS:5	NEG:1	Loss:  0.166359
update_title_pos
update_title_pos
update_title_pos
update_title_pos
update_title_pos
update_title_pos
update_title_pos
update_title_pos
update_title_pos
update_title_pos
[Epoch 0130/1000]	Epsilon:0.4354	#Expl.:154/365	#Buy:137	#Sell:136	#Hold:92	#Stocks:1	PV:₩10,852,000	POS:3	NEG:3	Loss:  0.174722
update_title_pos
update_title_pos
update_title_pos
update_title_pos
update_title_pos
update_title_pos
update_title_pos
update_title_pos
update_title_pos
update_title_pos
[Epoch 0131/1000]	Epsilon:0.4349	#Expl.:174/365	#Buy:141	#Sell:141	#Hold:83	#Stocks:0	PV:₩10,538,000	POS:4	NEG:2	Loss:  0.172376
update_title_pos
update_title_pos
update_title_pos
update_title_pos
update_title_pos
update_title_pos
update_title_pos
update_title_pos
update_title_pos
update_title_pos
[Epoch 0132/1000]	Epsilon:0.4344	#Expl.:167/365	#Buy:140	#Sell:140	#Hold:85	#Stocks:0	PV:₩11,564,000	POS:4	NEG:2	Loss:  0.168341
update_title_pos
update_title_pos
update_title_pos
update_title_pos
update_title_pos
update_title_pos
update_title_pos
update_title_pos
update_title_pos
update_title_pos
[Epoch 0133/1000]	Epsilon:0.4339	#Expl.:145/365	#Buy:146	#Sell:146	#Hold:73	#Stocks:0	PV:₩12,330,000	POS:5	NEG:1	Loss:  0.164999
update_title_pos
update_title_pos
update_title_pos
update_title_pos
update_title_pos
update_title_pos
update_title_pos
update_title_pos
update_title_pos
update_title_pos
[Epoch 0134/1000]	Epsilon:0.4334	#Expl.:151/365	#Buy:139	#Sell:139	#Hold:87	#Stocks:0	PV:₩11,234,000	POS:4	NEG:2	Loss:  0.178645
update_title_pos
update_title_pos
update_title_pos
update_title_pos
update_title_pos
update_title_pos
update_title_pos
update_title_pos
update_title_pos
update_title_pos
[Epoch 0135/1000]	Epsilon:0.4329	#Expl.:146/365	#Buy:139	#Sell:135	#Hold:91	#Stocks:4	PV:₩11,606,000	POS:5	NEG:1	Loss:  0.164272
update_title_pos
update_title_pos
update_title_pos
update_title_pos
update_title_pos
update_title_pos
update_title_pos
update_title_pos
update_title_pos
update_title_pos
[Epoch 0136/1000]	Epsilon:0.4324	#Expl.:165/365	#Buy:141	#Sell:141	#Hold:83	#Stocks:0	PV:₩12,291,000	POS:4	NEG:2	Loss:  0.180275
update_title_pos
update_title_pos
update_title_pos
update_title_pos
update_title_pos
update_title_pos
update_title_pos
update_title_pos
update_title_pos
update_title_pos
[Epoch 0137/1000]	Epsilon:0.4319	#Expl.:160/365	#Buy:135	#Sell:134	#Hold:96	#Stocks:1	PV:₩10,413,000	POS:2	NEG:4	Loss:  0.181138
update_title_pos
update_title_pos
update_title_pos
update_title_pos
update_title_pos
update_title_pos
update_title_pos
update_title_pos
update_title_pos
update_title_pos
[Epoch 0138/1000]	Epsilon:0.4314	#Expl.:154/365	#Buy:136	#Sell:134	#Hold:95	#Stocks:2	PV:₩11,569,000	POS:5	NEG:1	Loss:  0.161978
update_title_pos
update_title_pos
update_title_pos
update_title_pos
update_title_pos
update_title_pos
update_title_pos
update_title_pos
update_title_pos
update_title_pos
[Epoch 0139/1000]	Epsilon:0.4309	#Expl.:174/365	#Buy:148	#Sell:146	#Hold:71	#Stocks:2	PV:₩10,913,000	POS:4	NEG:2	Loss:  0.165772
update_title_pos
update_title_pos
update_title_pos
update_title_pos
update_title_pos
update_title_pos
update_title_pos
update_title_pos
update_title_pos
update_title_pos
[Epoch 0140/1000]	Epsilon:0.4304	#Expl.:171/365	#Buy:134	#Sell:134	#Hold:97	#Stocks:0	PV:₩10,969,000	POS:4	NEG:2	Loss:  0.171085
update_title_pos
update_title_pos
update_title_pos
update_title_pos
update_title_pos
update_title_pos
update_title_pos
update_title_pos
update_title_pos
update_title_pos
[Epoch 0141/1000]	Epsilon:0.4299	#Expl.:164/365	#Buy:142	#Sell:142	#Hold:81	#Stocks:0	PV:₩11,598,000	POS:4	NEG:2	Loss:  0.184430
update_title_pos
update_title_pos
update_title_pos
update_title_pos
update_title_pos
update_title_pos
update_title_pos
update_title_pos
update_title_pos
update_title_pos
[Epoch 0142/1000]	Epsilon:0.4294	#Expl.:145/365	#Buy:142	#Sell:142	#Hold:81	#Stocks:0	PV:₩12,014,000	POS:4	NEG:2	Loss:  0.172655
update_title_pos
update_title_pos
update_title_pos
update_title_pos
update_title_pos
update_title_pos
update_title_pos
update_title_pos
update_title_pos
update_title_pos
[Epoch 0143/1000]	Epsilon:0.4289	#Expl.:148/365	#Buy:141	#Sell:141	#Hold:83	#Stocks:0	PV:₩11,925,000	POS:4	NEG:2	Loss:  0.188300
update_title_pos
update_title_pos
update_title_pos
update_title_pos
update_title_pos
update_title_pos
update_title_pos
update_title_pos
update_title_pos
update_title_pos
[Epoch 0144/1000]	Epsilon:0.4284	#Expl.:160/365	#Buy:141	#Sell:141	#Hold:83	#Stocks:0	PV:₩11,549,000	POS:5	NEG:1	Loss:  0.164835
update_title_pos
update_title_pos
update_title_pos
update_title_pos
update_title_pos
update_title_pos
update_title_pos
update_title_pos
update_title_pos
update_title_pos
[Epoch 0145/1000]	Epsilon:0.4279	#Expl.:149/365	#Buy:146	#Sell:145	#Hold:74	#Stocks:1	PV:₩11,954,000	POS:5	NEG:1	Loss:  0.180730
update_title_pos
update_title_pos
update_title_pos
update_title_pos
update_title_pos
update_title_pos
update_title_pos
update_title_pos
update_title_pos
update_title_pos
[Epoch 0146/1000]	Epsilon:0.4274	#Expl.:146/365	#Buy:152	#Sell:152	#Hold:61	#Stocks:0	PV:₩12,319,000	POS:5	NEG:1	Loss:  0.158270
update_title_pos
update_title_pos
update_title_pos
update_title_pos
update_title_pos
update_title_pos
update_title_pos
update_title_pos
update_title_pos
update_title_pos
[Epoch 0147/1000]	Epsilon:0.4269	#Expl.:156/365	#Buy:124	#Sell:124	#Hold:117	#Stocks:0	PV:₩10,707,000	POS:4	NEG:2	Loss:  0.182311
update_title_pos
update_title_pos
update_title_pos
update_title_pos
update_title_pos
update_title_pos
update_title_pos
update_title_pos
update_title_pos
update_title_pos
[Epoch 0148/1000]	Epsilon:0.4264	#Expl.:141/365	#Buy:139	#Sell:139	#Hold:87	#Stocks:0	PV:₩11,962,000	POS:4	NEG:2	Loss:  0.170975
update_title_pos
update_title_pos
update_title_pos
update_title_pos
update_title_pos
update_title_pos
update_title_pos
update_title_pos
update_title_pos
update_title_pos
[Epoch 0149/1000]	Epsilon:0.4259	#Expl.:150/365	#Buy:145	#Sell:141	#Hold:79	#Stocks:4	PV:₩12,173,000	POS:4	NEG:2	Loss:  0.165879
update_title_pos
update_title_pos
update_title_pos
update_title_pos
update_title_pos
update_title_pos
update_title_pos
update_title_pos
update_title_pos
update_title_pos
[Epoch 0150/1000]	Epsilon:0.4254	#Expl.:161/365	#Buy:140	#Sell:138	#Hold:87	#Stocks:2	PV:₩11,140,000	POS:2	NEG:4	Loss:  0.182054
update_title_pos
update_title_pos
update_title_pos
update_title_pos
update_title_pos
update_title_pos
update_title_pos
update_title_pos
update_title_pos
update_title_pos
[Epoch 0151/1000]	Epsilon:0.4249	#Expl.:155/365	#Buy:143	#Sell:143	#Hold:79	#Stocks:0	PV:₩11,556,000	POS:5	NEG:1	Loss:  0.176643
update_title_pos
update_title_pos
update_title_pos
update_title_pos
update_title_pos
update_title_pos
update_title_pos
update_title_pos
update_title_pos
update_title_pos
[Epoch 0152/1000]	Epsilon:0.4244	#Expl.:156/365	#Buy:136	#Sell:136	#Hold:93	#Stocks:0	PV:₩11,495,000	POS:3	NEG:3	Loss:  0.179738
update_title_pos
update_title_pos
update_title_pos
update_title_pos
update_title_pos
update_title_pos
update_title_pos
update_title_pos
update_title_pos
update_title_pos
[Epoch 0153/1000]	Epsilon:0.4239	#Expl.:154/365	#Buy:132	#Sell:132	#Hold:101	#Stocks:0	PV:₩11,290,000	POS:4	NEG:2	Loss:  0.164170
update_title_pos
update_title_pos
update_title_pos
update_title_pos
update_title_pos
update_title_pos
update_title_pos
update_title_pos
update_title_pos
update_title_pos
[Epoch 0154/1000]	Epsilon:0.4234	#Expl.:168/365	#Buy:139	#Sell:139	#Hold:87	#Stocks:0	PV:₩10,803,000	POS:3	NEG:3	Loss:  0.189844
update_title_pos
update_title_pos
update_title_pos
update_title_pos
update_title_pos
update_title_pos
update_title_pos
update_title_pos
update_title_pos
update_title_pos
[Epoch 0155/1000]	Epsilon:0.4229	#Expl.:156/365	#Buy:134	#Sell:134	#Hold:97	#Stocks:0	PV:₩11,342,000	POS:5	NEG:1	Loss:  0.167171
update_title_pos
update_title_pos
update_title_pos
update_title_pos
update_title_pos
update_title_pos
update_title_pos
update_title_pos
update_title_pos
update_title_pos
[Epoch 0156/1000]	Epsilon:0.4224	#Expl.:162/365	#Buy:138	#Sell:136	#Hold:91	#Stocks:2	PV:₩10,957,000	POS:3	NEG:3	Loss:  0.178901
update_title_pos
update_title_pos
update_title_pos
update_title_pos
update_title_pos
update_title_pos
update_title_pos
update_title_pos
update_title_pos
update_title_pos
[Epoch 0157/1000]	Epsilon:0.4219	#Expl.:148/365	#Buy:140	#Sell:139	#Hold:86	#Stocks:1	PV:₩10,944,000	POS:3	NEG:3	Loss:  0.178644
update_title_pos
update_title_pos
update_title_pos
update_title_pos
update_title_pos
update_title_pos
update_title_pos
update_title_pos
update_title_pos
update_title_pos
[Epoch 0158/1000]	Epsilon:0.4214	#Expl.:188/365	#Buy:143	#Sell:143	#Hold:79	#Stocks:0	PV:₩11,836,000	POS:5	NEG:1	Loss:  0.180920
